<?xml version="1.0" encoding="UTF-8"?>
<testng-results ignored="0" total="1" passed="1" failed="0" skipped="0">
  <reporter-output>
  </reporter-output>
  <suite started-at="2023-01-30T12:53:34 IST" name="Default suite" finished-at="2023-01-30T12:53:36 IST" duration-ms="2004">
    <groups>
    </groups>
    <test started-at="2023-01-30T12:53:34 IST" name="Default test" finished-at="2023-01-30T12:53:36 IST" duration-ms="2004">
      <class name="SdetYoutube.GetAllCookies">
        <test-method signature="getcookies()[pri:0, instance:SdetYoutube.GetAllCookies@3514a4c0]" started-at="2023-01-30T12:53:34 IST" name="getcookies" finished-at="2023-01-30T12:53:36 IST" duration-ms="1974" status="PASS">
          <reporter-output>
          </reporter-output>
        </test-method> <!-- getcookies -->
      </class> <!-- SdetYoutube.GetAllCookies -->
    </test> <!-- Default test -->
  </suite> <!-- Default suite -->
</testng-results>
